D:\#JAMEE\2ND TERM\APL\IGRAPHICS\DEBUG\IGRAPHICS 1_2.OBJ
D:\#JAMEE\2ND TERM\APL\IGRAPHICS\DEBUG\VC110.PDB
D:\#JAMEE\2ND TERM\APL\IGRAPHICS\DEBUG\IGRAPHICS 1_1.OBJ
D:\#JAMEE\2ND TERM\APL\IGRAPHICS\DEBUG\BALLDEMO.OBJ
D:\#JAMEE\2ND TERM\APL\IGRAPHICS\DEBUG\IGRAPHICS.ILK
D:\#JAMEE\2ND TERM\APL\IGRAPHICS\DEBUG\IGRAPHICS.EXE
D:\#JAMEE\2ND TERM\APL\IGRAPHICS\DEBUG\IGRAPHICS.PDB
D:\#Jamee\2nd term\APL\Igraphics\Debug\BallDemo.obj
D:\#Jamee\2nd term\APL\Igraphics\Debug\igraphics 1_1.obj
D:\#Jamee\2nd term\APL\Igraphics\Debug\igraphics 1_2.obj
D:\#Jamee\2nd term\APL\Igraphics\Debug\igraphics.ilk
D:\#Jamee\2nd term\APL\Igraphics\Debug\cl.command.1.tlog
D:\#Jamee\2nd term\APL\Igraphics\Debug\CL.read.1.tlog
D:\#Jamee\2nd term\APL\Igraphics\Debug\CL.write.1.tlog
D:\#Jamee\2nd term\APL\Igraphics\Debug\link-cvtres.read.1.tlog
D:\#Jamee\2nd term\APL\Igraphics\Debug\link-cvtres.write.1.tlog
D:\#Jamee\2nd term\APL\Igraphics\Debug\link-rc.read.1.tlog
D:\#Jamee\2nd term\APL\Igraphics\Debug\link-rc.write.1.tlog
D:\#Jamee\2nd term\APL\Igraphics\Debug\link.4052-cvtres.read.1.tlog
D:\#Jamee\2nd term\APL\Igraphics\Debug\link.4052-cvtres.write.1.tlog
D:\#Jamee\2nd term\APL\Igraphics\Debug\link.4052-rc.read.1.tlog
D:\#Jamee\2nd term\APL\Igraphics\Debug\link.4052-rc.write.1.tlog
D:\#Jamee\2nd term\APL\Igraphics\Debug\link.4052.read.1.tlog
D:\#Jamee\2nd term\APL\Igraphics\Debug\link.4052.write.1.tlog
D:\#Jamee\2nd term\APL\Igraphics\Debug\link.4240-cvtres.read.1.tlog
D:\#Jamee\2nd term\APL\Igraphics\Debug\link.4240-cvtres.write.1.tlog
D:\#Jamee\2nd term\APL\Igraphics\Debug\link.4240-rc.read.1.tlog
D:\#Jamee\2nd term\APL\Igraphics\Debug\link.4240-rc.write.1.tlog
D:\#Jamee\2nd term\APL\Igraphics\Debug\link.4240.read.1.tlog
D:\#Jamee\2nd term\APL\Igraphics\Debug\link.4240.write.1.tlog
D:\#Jamee\2nd term\APL\Igraphics\Debug\link.5836-cvtres.read.1.tlog
D:\#Jamee\2nd term\APL\Igraphics\Debug\link.5836-cvtres.write.1.tlog
D:\#Jamee\2nd term\APL\Igraphics\Debug\link.5836-rc.read.1.tlog
D:\#Jamee\2nd term\APL\Igraphics\Debug\link.5836-rc.write.1.tlog
D:\#Jamee\2nd term\APL\Igraphics\Debug\link.5836.read.1.tlog
D:\#Jamee\2nd term\APL\Igraphics\Debug\link.5836.write.1.tlog
D:\#Jamee\2nd term\APL\Igraphics\Debug\link.command.1.tlog
D:\#Jamee\2nd term\APL\Igraphics\Debug\link.read.1.tlog
D:\#Jamee\2nd term\APL\Igraphics\Debug\link.write.1.tlog
D:\#Jamee\2nd term\APL\Igraphics\Debug\vc110.idb
D:\#Jamee\2nd term\APL\Igraphics\Debug\igraphics.pdb
D:\#Jamee\2nd term\APL\Igraphics\Debug\vc110.pdb
D:\#Jamee\2nd term\APL\Igraphics\Debug\igraphics.exe
