D:\#JAMEE\3RD TERM\APL\PANDA CLIMB\DEBUG\PANDA CLIMB SOURCE.OBJ
D:\#JAMEE\3RD TERM\APL\PANDA CLIMB\DEBUG\VC110.PDB
D:\#JAMEE\3RD TERM\APL\PANDA CLIMB\DEBUG\PANDA CLIMB.ILK
D:\#JAMEE\3RD TERM\APL\PANDA CLIMB\DEBUG\PANDA CLIMB.EXE
D:\#JAMEE\3RD TERM\APL\PANDA CLIMB\DEBUG\PANDA CLIMB.PDB
D:\#Jamee\3rd term\APL\panda climb\Debug\BallDemo.obj
D:\#Jamee\3rd term\APL\panda climb\Debug\igraphics 1_1.obj
D:\#Jamee\3rd term\APL\panda climb\Debug\panda climb source.obj
D:\#Jamee\3rd term\APL\panda climb\Debug\panda climb.obj
D:\#Jamee\3rd term\APL\panda climb\Debug\igraphics.ilk
D:\#Jamee\3rd term\APL\panda climb\Debug\panda climb.ilk
D:\#Jamee\3rd term\APL\panda climb\Debug\cl.command.1.tlog
D:\#Jamee\3rd term\APL\panda climb\Debug\CL.read.1.tlog
D:\#Jamee\3rd term\APL\panda climb\Debug\CL.write.1.tlog
D:\#Jamee\3rd term\APL\panda climb\Debug\link-cvtres.read.1.tlog
D:\#Jamee\3rd term\APL\panda climb\Debug\link-cvtres.write.1.tlog
D:\#Jamee\3rd term\APL\panda climb\Debug\link-rc.read.1.tlog
D:\#Jamee\3rd term\APL\panda climb\Debug\link-rc.write.1.tlog
D:\#Jamee\3rd term\APL\panda climb\Debug\link.10448-cvtres.read.1.tlog
D:\#Jamee\3rd term\APL\panda climb\Debug\link.10448-cvtres.write.1.tlog
D:\#Jamee\3rd term\APL\panda climb\Debug\link.10448-rc.read.1.tlog
D:\#Jamee\3rd term\APL\panda climb\Debug\link.10448-rc.write.1.tlog
D:\#Jamee\3rd term\APL\panda climb\Debug\link.10448.read.1.tlog
D:\#Jamee\3rd term\APL\panda climb\Debug\link.10448.write.1.tlog
D:\#Jamee\3rd term\APL\panda climb\Debug\link.10828-cvtres.read.1.tlog
D:\#Jamee\3rd term\APL\panda climb\Debug\link.10828-cvtres.write.1.tlog
D:\#Jamee\3rd term\APL\panda climb\Debug\link.10828-rc.read.1.tlog
D:\#Jamee\3rd term\APL\panda climb\Debug\link.10828-rc.write.1.tlog
D:\#Jamee\3rd term\APL\panda climb\Debug\link.10828.read.1.tlog
D:\#Jamee\3rd term\APL\panda climb\Debug\link.10828.write.1.tlog
D:\#Jamee\3rd term\APL\panda climb\Debug\link.10888-cvtres.read.1.tlog
D:\#Jamee\3rd term\APL\panda climb\Debug\link.10888-cvtres.write.1.tlog
D:\#Jamee\3rd term\APL\panda climb\Debug\link.10888-rc.read.1.tlog
D:\#Jamee\3rd term\APL\panda climb\Debug\link.10888-rc.write.1.tlog
D:\#Jamee\3rd term\APL\panda climb\Debug\link.10888.read.1.tlog
D:\#Jamee\3rd term\APL\panda climb\Debug\link.10888.write.1.tlog
D:\#Jamee\3rd term\APL\panda climb\Debug\link.2232-cvtres.read.1.tlog
D:\#Jamee\3rd term\APL\panda climb\Debug\link.2232-cvtres.write.1.tlog
D:\#Jamee\3rd term\APL\panda climb\Debug\link.2232-rc.read.1.tlog
D:\#Jamee\3rd term\APL\panda climb\Debug\link.2232-rc.write.1.tlog
D:\#Jamee\3rd term\APL\panda climb\Debug\link.2232.read.1.tlog
D:\#Jamee\3rd term\APL\panda climb\Debug\link.2232.write.1.tlog
D:\#Jamee\3rd term\APL\panda climb\Debug\link.command.1.tlog
D:\#Jamee\3rd term\APL\panda climb\Debug\link.read.1.tlog
D:\#Jamee\3rd term\APL\panda climb\Debug\link.write.1.tlog
D:\#Jamee\3rd term\APL\panda climb\Debug\vc110.idb
D:\#Jamee\3rd term\APL\panda climb\Debug\igraphics.pdb
D:\#Jamee\3rd term\APL\panda climb\Debug\panda climb.pdb
D:\#Jamee\3rd term\APL\panda climb\Debug\vc110.pdb
D:\#Jamee\3rd term\APL\panda climb\Debug\panda climb.exe
